<?xml version="1.0" encoding="UTF-8"?>
<testng-results skipped="0" failed="1" total="2" passed="1">
  <reporter-output>
  </reporter-output>
  <suite name="Default suite" duration-ms="19624" started-at="2020-01-30T10:01:51Z" finished-at="2020-01-30T10:02:11Z">
    <groups>
    </groups>
    <test name="Default test" duration-ms="19624" started-at="2020-01-30T10:01:51Z" finished-at="2020-01-30T10:02:11Z">
      <class name="testNGdemo.ReportDemo">
        <test-method status="PASS" signature="BeforeanyTest()[pri:0, instance:testNGdemo.ReportDemo@5474c6c]" name="BeforeanyTest" is-config="true" duration-ms="213" started-at="2020-01-30T15:31:51Z" finished-at="2020-01-30T15:31:51Z">
          <reporter-output>
          </reporter-output>
        </test-method> <!-- BeforeanyTest -->
        <test-method status="PASS" signature="SetUp()[pri:0, instance:testNGdemo.ReportDemo@5474c6c]" name="SetUp" is-config="true" duration-ms="8973" started-at="2020-01-30T15:31:51Z" finished-at="2020-01-30T15:32:00Z">
          <reporter-output>
          </reporter-output>
        </test-method> <!-- SetUp -->
        <test-method status="PASS" signature="VerifyTitle()[pri:0, instance:testNGdemo.ReportDemo@5474c6c]" name="VerifyTitle" duration-ms="32" started-at="2020-01-30T15:32:00Z" finished-at="2020-01-30T15:32:00Z">
          <reporter-output>
          </reporter-output>
        </test-method> <!-- VerifyTitle -->
        <test-method status="PASS" signature="tearDown(org.testng.ITestResult)[pri:0, instance:testNGdemo.ReportDemo@5474c6c]" name="tearDown" is-config="true" duration-ms="963" started-at="2020-01-30T15:32:00Z" finished-at="2020-01-30T15:32:01Z">
          <params>
            <param index="0">
              <value>
                <![CDATA[[TestResult name=VerifyTitle status=SUCCESS method=ReportDemo.VerifyTitle()[pri:0, instance:testNGdemo.ReportDemo@5474c6c] output={null}]]]>
              </value>
            </param>
          </params>
          <reporter-output>
          </reporter-output>
        </test-method> <!-- tearDown -->
        <test-method status="PASS" signature="SetUp()[pri:0, instance:testNGdemo.ReportDemo@5474c6c]" name="SetUp" is-config="true" duration-ms="7214" started-at="2020-01-30T15:32:01Z" finished-at="2020-01-30T15:32:08Z">
          <reporter-output>
          </reporter-output>
        </test-method> <!-- SetUp -->
        <test-method status="FAIL" signature="FailedTest()[pri:0, instance:testNGdemo.ReportDemo@5474c6c]" name="FailedTest" duration-ms="14" started-at="2020-01-30T15:32:08Z" finished-at="2020-01-30T15:32:08Z">
          <exception class="java.lang.AssertionError">
            <message>
              <![CDATA[Title is not verified expected [true] but found [false]]]>
            </message>
            <full-stacktrace>
              <![CDATA[java.lang.AssertionError: Title is not verified expected [true] but found [false]
	at org.testng.Assert.fail(Assert.java:94)
	at org.testng.Assert.failNotEquals(Assert.java:496)
	at org.testng.Assert.assertTrue(Assert.java:42)
	at testNGdemo.ReportDemo.FailedTest(ReportDemo.java:76)
	at sun.reflect.NativeMethodAccessorImpl.invoke0(Native Method)
	at sun.reflect.NativeMethodAccessorImpl.invoke(NativeMethodAccessorImpl.java:62)
	at sun.reflect.DelegatingMethodAccessorImpl.invoke(DelegatingMethodAccessorImpl.java:43)
	at java.lang.reflect.Method.invoke(Method.java:483)
	at org.testng.internal.MethodInvocationHelper.invokeMethod(MethodInvocationHelper.java:85)
	at org.testng.internal.Invoker.invokeMethod(Invoker.java:663)
	at org.testng.internal.Invoker.invokeTestMethod(Invoker.java:849)
	at org.testng.internal.Invoker.invokeTestMethods(Invoker.java:1157)
	at org.testng.internal.TestMethodWorker.invokeTestMethods(TestMethodWorker.java:124)
	at org.testng.internal.TestMethodWorker.run(TestMethodWorker.java:108)
	at org.testng.TestRunner.privateRun(TestRunner.java:771)
	at org.testng.TestRunner.run(TestRunner.java:621)
	at org.testng.SuiteRunner.runTest(SuiteRunner.java:357)
	at org.testng.SuiteRunner.runSequentially(SuiteRunner.java:352)
	at org.testng.SuiteRunner.privateRun(SuiteRunner.java:310)
	at org.testng.SuiteRunner.run(SuiteRunner.java:259)
	at org.testng.SuiteRunnerWorker.runSuite(SuiteRunnerWorker.java:52)
	at org.testng.SuiteRunnerWorker.run(SuiteRunnerWorker.java:86)
	at org.testng.TestNG.runSuitesSequentially(TestNG.java:1200)
	at org.testng.TestNG.runSuitesLocally(TestNG.java:1125)
	at org.testng.TestNG.run(TestNG.java:1033)
	at org.testng.remote.RemoteTestNG.run(RemoteTestNG.java:111)
	at org.testng.remote.RemoteTestNG.initAndRun(RemoteTestNG.java:204)
	at org.testng.remote.RemoteTestNG.main(RemoteTestNG.java:175)
]]>
            </full-stacktrace>
          </exception> <!-- java.lang.AssertionError -->
          <reporter-output>
          </reporter-output>
        </test-method> <!-- FailedTest -->
        <test-method status="PASS" signature="tearDown(org.testng.ITestResult)[pri:0, instance:testNGdemo.ReportDemo@5474c6c]" name="tearDown" is-config="true" duration-ms="1375" started-at="2020-01-30T15:32:08Z" finished-at="2020-01-30T15:32:10Z">
          <params>
            <param index="0">
              <value>
                <![CDATA[[TestResult name=FailedTest status=FAILURE method=ReportDemo.FailedTest()[pri:0, instance:testNGdemo.ReportDemo@5474c6c] output={null}]]]>
              </value>
            </param>
          </params>
          <reporter-output>
          </reporter-output>
        </test-method> <!-- tearDown -->
        <test-method status="PASS" signature="afterAnyTest()[pri:0, instance:testNGdemo.ReportDemo@5474c6c]" name="afterAnyTest" is-config="true" duration-ms="818" started-at="2020-01-30T15:32:10Z" finished-at="2020-01-30T15:32:11Z">
          <reporter-output>
          </reporter-output>
        </test-method> <!-- afterAnyTest -->
      </class> <!-- testNGdemo.ReportDemo -->
    </test> <!-- Default test -->
  </suite> <!-- Default suite -->
</testng-results>
